make all --print-data-base --no-builtin-variables --no-builtin-rules --question
# GNU Make 4.3
# Built for x86_64-pc-linux-gnu
# Copyright (C) 1988-2020 Free Software Foundation, Inc.
# License GPLv3+: GNU GPL version 3 or later <http://gnu.org/licenses/gpl.html>
# This is free software: you are free to change and redistribute it.
# There is NO WARRANTY, to the extent permitted by law.

# Make data base, printed on Wed May 18 21:42:49 2022

# Variables

# environment
GDK_BACKEND = x11
# environment
LC_ALL = C
# environment
VSCODE_IPC_HOOK_EXTHOST = /run/user/1000/vscode-ipc-dac88cf3-3788-4264-b9e1-7a4b3eaaa163.sock
# environment
MANDATORY_PATH = /usr/share/gconf/mate.mandatory.path
# environment
LC_NAME = fr_FR.UTF-8
# environment
LC_NUMERIC = fr_FR.UTF-8
# environment
VSCODE_CWD = /home/cls
# environment
LESS_TERMCAP_me = [0m
# environment
UBUNTU_MENUPROXY = 1
# environment
LC_ADDRESS = fr_FR.UTF-8
# environment
GDM_LANG = en
# default
MAKE_COMMAND := make
# environment
QT_ACCESSIBILITY = 1
# automatic
@D = $(patsubst %/,%,$(dir $@))
# environment
VSCODE_HANDLES_UNCAUGHT_ERRORS = true
# default
.VARIABLES := 
# environment
PWD = /home/cls/Documents/42/42_cursus
# automatic
%D = $(patsubst %/,%,$(dir $%))
# environment
XDG_DATA_DIRS = /usr/share/mate:/usr/share/mate:/usr/share/gnome:/home/cls/.local/share/flatpak/exports/share:/var/lib/flatpak/exports/share:/usr/local/share:/usr/share:/var/lib/snapd/desktop
# automatic
^D = $(patsubst %/,%,$(dir $^))
# environment
VSCODE_LOG_STACK = false
# automatic
%F = $(notdir $%)
# environment
VSCODE_CODE_CACHE_PATH = /home/cls/.config/Code/CachedData/da15b6fd3ef856477bf6f4fb29ba1b7af717770d
# environment
XDG_SESSION_PATH = /org/freedesktop/DisplayManager/Session0
# environment
LANG = C
# environment
XAUTHORITY = /home/cls/.Xauthority
# default
.LOADED := 
# environment
LESS_TERMCAP_md = [1;36m
# default
.INCLUDE_DIRS = /usr/local/include /usr/include /usr/include
# makefile
MAKEFLAGS = pqrR
# environment
LESS_TERMCAP_so = [01;33m
# makefile
CURDIR := /home/cls/Documents/42/42_cursus
# environment
VSCODE_PIPE_LOGGING = true
# environment
APPLICATION_INSIGHTS_NO_DIAGNOSTIC_CHANNEL = 1
# environment
LESSOPEN = | /usr/bin/lesspipe %s
# automatic
*D = $(patsubst %/,%,$(dir $*))
# environment
LESS_TERMCAP_ue = [0m
# environment
MFLAGS = -pqrR
# environment
SSH_AUTH_SOCK = /run/user/1000/keyring/ssh
# default
.SHELLFLAGS := -c
# environment
XDG_CONFIG_DIRS = /etc/xdg/xdg-mate:/etc/xdg
# automatic
+D = $(patsubst %/,%,$(dir $+))
# environment
XDG_SESSION_DESKTOP = mate
# makefile
MAKEFILE_LIST := 
# automatic
@F = $(notdir $@)
# environment
VSCODE_VERBOSE_LOGGING = true
# environment
VSCODE_PID = 4805
# environment
XDG_SESSION_TYPE = x11
# automatic
?D = $(patsubst %/,%,$(dir $?))
# environment
SESSION_MANAGER = local/cls:@/tmp/.ICE-unix/2670,unix/cls:/tmp/.ICE-unix/2670
# automatic
*F = $(notdir $*)
# environment
QT_QPA_PLATFORMTHEME = gtk2
# environment
CHROME_DESKTOP = code-url-handler.desktop
# environment
DBUS_SESSION_BUS_ADDRESS = unix:path=/run/user/1000/bus
# automatic
<D = $(patsubst %/,%,$(dir $<))
# environment
QT_SCALE_FACTOR = 1
# environment
VSCODE_NLS_CONFIG = {"locale":"en-us","availableLanguages":{},"_languagePackSupport":true}
# default
MAKE_HOST := x86_64-pc-linux-gnu
# makefile
SHELL = /bin/sh
# environment
LESS_TERMCAP_us = [1;32m
# default
MAKECMDGOALS := all
# environment
XMODIFIERS = @im=ibus
# environment
SHLVL = 0
# environment
GCC_COLORS = error=01;31:warning=01;35:note=01;36:caret=01;32:locus=01:quote=01
# environment
MAKELEVEL := 0
# default
MAKE = $(MAKE_COMMAND)
# environment
PATH = /home/cls/.local/bin:/home/cls/.local/bin:/usr/local/sbin:/usr/local/bin:/usr/sbin:/usr/bin:/sbin:/bin:/usr/games:/usr/local/games:/snap/bin:/home/cls/.local/bin:/opt/netbeans/bin/
# environment
LESS_TERMCAP_se = [0m
# default
MAKEFILES := 
# environment
LANGUAGE = en_US
# environment
LC_MONETARY = fr_FR.UTF-8
# automatic
^F = $(notdir $^)
# environment
MATE_DESKTOP_SESSION_ID = this-is-deprecated
# environment
LC_TIME = fr_FR.UTF-8
# environment
LESS_TERMCAP_mb = [1;31m
# environment
COMPIZ_CONFIG_PROFILE = mate
# environment
VSCODE_LOG_NATIVE = false
# environment
LC_TELEPHONE = fr_FR.UTF-8
# environment
LESSCLOSE = /usr/bin/lesspipe %s %s
# automatic
?F = $(notdir $?)
# environment
DESKTOP_AUTOSTART_ID = 10b321c4b8bef73ee6165290290847167000000026700004
# environment
XDG_SEAT = seat0
# environment
GTK_IM_MODULE = ibus
# environment
XDG_CURRENT_DESKTOP = MATE
# environment
LS_COLORS = 
# automatic
+F = $(notdir $+)
# environment
XDG_SEAT_PATH = /org/freedesktop/DisplayManager/Seat0
# environment
DESKTOP_SESSION = mate
# environment
ORIGINAL_XDG_CURRENT_DESKTOP = MATE
# 'override' directive
GNUMAKEFLAGS := 
# environment
CLUTTER_IM_MODULE = ibus
# environment
LOGNAME = cls
# environment
XDG_VTNR = 7
# makefile
.DEFAULT_GOAL := 
# environment
DISPLAY = :0
# environment
USER = cls
# environment
GTK_MODULES = appmenu-gtk-module:gail:atk-bridge:canberra-gtk-module:appmenu-gtk-module
# environment
DEFAULTS_PATH = /usr/share/gconf/mate.default.path
# default
MAKE_VERSION := 4.3
# environment
QT_FONT_DPI = 96
# environment
LC_MEASUREMENT = fr_FR.UTF-8
# environment
_ = /usr/share/code/code
# environment
LC_PAPER = fr_FR.UTF-8
# environment
XDG_RUNTIME_DIR = /run/user/1000
# environment
GPG_AGENT_INFO = /run/user/1000/gnupg/S.gpg-agent:0:1
# environment
GTK_OVERLAY_SCROLLING = 0
# environment
XDG_SESSION_CLASS = user
# environment
VSCODE_AMD_ENTRYPOINT = vs/workbench/api/node/extensionHostProcess
# environment
HOME = /home/cls
# environment
QT_IM_MODULE = ibus
# environment
ELECTRON_RUN_AS_NODE = 1
# environment
VSCODE_IPC_HOOK = /run/user/1000/vscode-62f8edef-1.67.1-main.sock
# environment
XDG_SESSION_ID = c2
# environment
PAPERSIZE = a4
# default
.RECIPEPREFIX := 
# automatic
<F = $(notdir $<)
# default
SUFFIXES := 
# environment
XDG_GREETER_DATA_DIR = /var/lib/lightdm-data/cls
# default
.FEATURES := target-specific order-only second-expansion else-if shortest-stem undefine oneshell nocomment grouped-target extra-prereqs archives jobserver output-sync check-symlink load
# environment
GDMSESSION = mate
# environment
LC_IDENTIFICATION = fr_FR.UTF-8
# variable set hash-table stats:
# Load=121/1024=12%, Rehash=0, Collisions=12/148=8%

# Pattern-specific Variable Values

# No pattern-specific variable values.

# Directories

# . (device 66306, inode 4458489): 18 files, no impossibilities.

# 18 files, no impossibilities in 1 directories.

# Implicit Rules

# No implicit rules.

# Files

# Not a target:
Makefile:
#  Implicit rule search has been done.
#  File does not exist.
#  File has been updated.
#  Failed to be updated.

# Not a target:
 
make: *** No rule to make target 'all'.  Stop.

.DEFAULT:
#  Implicit rule search has not been done.
#  Modification time never checked.
#  File has not been updated.

# Not a target:
all:
#  Command line target.
#  Implicit rule search has been done.
#  File does not exist.
#  File has not been updated.

# Not a target:
makefile:
#  Implicit rule search has been done.
#  File does not exist.
#  File has been updated.
#  Failed to be updated.

# Not a target:
GNUmakefile:
#  Implicit rule search has been done.
#  File does not exist.
#  File has been updated.
#  Failed to be updated.

# files hash-table stats:
# Load=6/1024=1%, Rehash=0, Collisions=0/15=0%
# VPATH Search Paths

# No 'vpath' search paths.

# No general ('VPATH' variable) search path.

# strcache buffers: 1 (0) / strings = 26 / storage = 249 B / avg = 9 B
# current buf: size = 8162 B / used = 249 B / count = 26 / avg = 9 B

# strcache performance: lookups = 29 / hit rate = 10%
# hash-table stats:
# Load=26/8192=0%, Rehash=0, Collisions=0/29=0%
# Finished Make data base on Wed May 18 21:42:49 2022

 
